<?xml version="1.0" encoding="UTF-8"?>
<testng-results skipped="0" failed="0" ignored="0" total="1" passed="1">
  <reporter-output>
  </reporter-output>
  <suite name="Suite" duration-ms="103" started-at="2020-03-30T05:23:08Z" finished-at="2020-03-30T05:23:09Z">
    <groups>
    </groups>
    <test name="smoke Test" duration-ms="103" started-at="2020-03-30T05:23:08Z" finished-at="2020-03-30T05:23:09Z">
      <class name="com.test.Invesco.SmokeSuite">
        <test-method status="PASS" signature="init()[pri:0, instance:com.test.Invesco.SmokeSuite@f82f98]" name="init" is-config="true" duration-ms="15" started-at="2020-03-30T05:23:09Z" finished-at="2020-03-30T05:23:09Z">
          <reporter-output>
          </reporter-output>
        </test-method> <!-- init -->
        <test-method status="PASS" signature="outTest()[pri:0, instance:com.test.Invesco.SmokeSuite@f82f98]" name="outTest" duration-ms="2" started-at="2020-03-30T05:23:09Z" finished-at="2020-03-30T05:23:09Z">
          <reporter-output>
          </reporter-output>
        </test-method> <!-- outTest -->
        <test-method status="PASS" signature="trailing()[pri:0, instance:com.test.Invesco.SmokeSuite@f82f98]" name="trailing" is-config="true" duration-ms="1" started-at="2020-03-30T05:23:09Z" finished-at="2020-03-30T05:23:09Z">
          <reporter-output>
          </reporter-output>
        </test-method> <!-- trailing -->
      </class> <!-- com.test.Invesco.SmokeSuite -->
    </test> <!-- smoke Test -->
  </suite> <!-- Suite -->
</testng-results>
