<?xml version="1.0" encoding="UTF-8"?>
<testng-results skipped="0" failed="0" ignored="0" total="1" passed="1">
  <reporter-output>
  </reporter-output>
  <suite name="Suite" duration-ms="209" started-at="2020-03-30T03:57:17Z" finished-at="2020-03-30T03:57:17Z">
    <groups>
    </groups>
    <test name="smoke Test" duration-ms="209" started-at="2020-03-30T03:57:17Z" finished-at="2020-03-30T03:57:17Z">
      <class name="com.test.Invesco.SmokeSuite">
        <test-method status="PASS" signature="init()[pri:0, instance:com.test.Invesco.SmokeSuite@15eef3d]" name="init" is-config="true" duration-ms="42" started-at="2020-03-30T03:57:17Z" finished-at="2020-03-30T03:57:17Z">
          <reporter-output>
          </reporter-output>
        </test-method> <!-- init -->
        <test-method status="PASS" signature="outTest()[pri:0, instance:com.test.Invesco.SmokeSuite@15eef3d]" name="outTest" duration-ms="22" started-at="2020-03-30T03:57:17Z" finished-at="2020-03-30T03:57:17Z">
          <reporter-output>
          </reporter-output>
        </test-method> <!-- outTest -->
        <test-method status="PASS" signature="trailing()[pri:0, instance:com.test.Invesco.SmokeSuite@15eef3d]" name="trailing" is-config="true" duration-ms="1" started-at="2020-03-30T03:57:17Z" finished-at="2020-03-30T03:57:17Z">
          <reporter-output>
          </reporter-output>
        </test-method> <!-- trailing -->
      </class> <!-- com.test.Invesco.SmokeSuite -->
    </test> <!-- smoke Test -->
  </suite> <!-- Suite -->
</testng-results>
